[2025/01/31 12:42:20]: §9          __             _       
[2025/01/31 12:42:20]: §9  _ __   / /  ___   __ _(_)_ __  
[2025/01/31 12:42:20]: §9 | '_ \ / /  / _ \ / _` | | '_ \ 
[2025/01/31 12:42:20]: §9 | | | / /__| (_) | (_| | | | | |
[2025/01/31 12:42:21]: §9 |_| |_\____/\___/ \__, |_|_| |_|
[2025/01/31 12:42:21]: §9                  |___/            
[2025/01/31 12:42:21]: §9 By: www.nickuc.com - V 10.4.21
[2025/01/31 12:42:21]: §9 
[2025/01/31 12:42:21]: §3[nLogin] [DEBUG] All settings were loaded in 123 ms.
[2025/01/31 12:42:21]: §3[nLogin] [DEBUG] Loading the messages_en.yml message file...
[2025/01/31 12:42:21]: §3[nLogin] [DEBUG] All plugin messages were loaded in 53 ms (languageByClient=false).
[2025/01/31 12:42:21]: §3[nLogin] [DEBUG] All proxy settings were loaded in 11 ms.
[2025/01/31 12:42:21]: §3[nLogin] [DEBUG] Loading database...
[2025/01/31 12:42:21]: §3[nLogin] [DEBUG] Starting logger filter...
[2025/01/31 12:42:26]: 
[2025/01/31 12:42:26]:  §bThank you so much for choosing nLogin! §4<3
[2025/01/31 12:42:26]: 
[2025/01/31 12:42:26]:  §4For your safety, please read the message below:
[2025/01/31 12:42:26]:   §cNever download nLogin from unknown sources.
[2025/01/31 12:42:26]:   §cA modified version may contain malicious software.
[2025/01/31 12:42:26]: 
[2025/01/31 12:42:26]:  §3Trusted sources:
[2025/01/31 12:42:26]:   §bwww.nickuc.com
[2025/01/31 12:42:26]:   §bwww.github.com/nickuc
[2025/01/31 12:42:26]:   §bOpeNLogin installer (from Spigot or GitHub)
[2025/01/31 12:42:26]: 
[2025/01/31 12:42:26]:  §3Official support channels:
[2025/01/31 12:42:26]:   §bDiscord group: §fwww.nickuc.com/discord
[2025/01/31 12:42:26]:   §bDocumentation: §fdocs.nickuc.com/nlogin/
[2025/01/31 12:42:26]:   §bEmail: §fsupport@nickuc.com
[2025/01/31 12:42:26]:   §bYouTube: §fyoutube.com/nickuc
[2025/01/31 12:42:26]: 
[2025/01/31 12:42:26]:  §eTo remove this warning, log in with "nlogin.admin" permission on the server
[2025/01/31 12:42:26]:  §eand click the "Setup plugin" button to configure your plugin.
[2025/01/31 12:42:26]: 
[2025/01/31 12:42:36]: [nLogin] The user yukiscratch44 has successfully logged in.
[2025/01/31 12:43:10]: §3[nLogin] [DEBUG] [SQLite] [UPDATE]: "UPDATE `nlogin` SET `last_name` = 'yukiscratch44', `unique_id` = 52324a8ab387333db752d3077aee73e2,  `mojang_id` = null,  `bedrock_id` = null,  `password` = '$2a$10$r9zP6tg5vRcgEAZ16307Cevd506gyUFGaIcwMKmB8cGgHpV/c/YZK', `last_ip` = '0:0:0:0:0:0:0:1%0', `creation_date` = 2025-01-29 09:26:00.785, `last_seen` = 2025-01-31 12:43:10.759, `email` = null, `discord` = null, `settings` = '{"settings":[{"value":"survival","key":"last-server"},{"value":"en","key":"language"}],"version":0}' WHERE `ai` = 1" (applied to [last_ip, last_seen, settings] columns)
[2025/01/31 12:45:42]: §3[nLogin] [DEBUG] [SQLite] [UPDATE]: "UPDATE `nlogin` SET `last_name` = 'yukiscratch44', `unique_id` = 52324a8ab387333db752d3077aee73e2,  `mojang_id` = null,  `bedrock_id` = null,  `password` = '$2a$10$r9zP6tg5vRcgEAZ16307Cevd506gyUFGaIcwMKmB8cGgHpV/c/YZK', `last_ip` = '0:0:0:0:0:0:0:1%0', `creation_date` = 2025-01-29 09:26:00.785, `last_seen` = 2025-01-31 12:45:42.591, `email` = null, `discord` = null, `settings` = '{"settings":[{"value":"hub","key":"last-server"},{"value":"en","key":"language"}],"version":0}' WHERE `ai` = 1" (applied to [last_seen, settings] columns)
[2025/01/31 12:45:42]: [nLogin] Successful plugin core shutdown (took 0.00s)
