[2025/01/30 11:45:45]: §9          __             _       
[2025/01/30 11:45:45]: §9  _ __   / /  ___   __ _(_)_ __  
[2025/01/30 11:45:45]: §9 | '_ \ / /  / _ \ / _` | | '_ \ 
[2025/01/30 11:45:45]: §9 | | | / /__| (_) | (_| | | | | |
[2025/01/30 11:45:45]: §9 |_| |_\____/\___/ \__, |_|_| |_|
[2025/01/30 11:45:45]: §9                  |___/            
[2025/01/30 11:45:45]: §9 By: www.nickuc.com - V 10.4.21
[2025/01/30 11:45:45]: §9 
[2025/01/30 11:45:46]: §3[nLogin] [DEBUG] All settings were loaded in 118 ms.
[2025/01/30 11:45:46]: §3[nLogin] [DEBUG] Loading the messages_en.yml message file...
[2025/01/30 11:45:46]: §3[nLogin] [DEBUG] All plugin messages were loaded in 43 ms (languageByClient=false).
[2025/01/30 11:45:46]: §3[nLogin] [DEBUG] All proxy settings were loaded in 26 ms.
[2025/01/30 11:45:46]: §3[nLogin] [DEBUG] Loading database...
[2025/01/30 11:45:46]: §3[nLogin] [DEBUG] Starting logger filter...
[2025/01/30 11:45:51]: 
[2025/01/30 11:45:51]:  §bThank you so much for choosing nLogin! §4<3
[2025/01/30 11:45:51]: 
[2025/01/30 11:45:51]:  §4For your safety, please read the message below:
[2025/01/30 11:45:51]:   §cNever download nLogin from unknown sources.
[2025/01/30 11:45:51]:   §cA modified version may contain malicious software.
[2025/01/30 11:45:51]: 
[2025/01/30 11:45:51]:  §3Trusted sources:
[2025/01/30 11:45:51]:   §bwww.nickuc.com
[2025/01/30 11:45:51]:   §bwww.github.com/nickuc
[2025/01/30 11:45:51]:   §bOpeNLogin installer (from Spigot or GitHub)
[2025/01/30 11:45:51]: 
[2025/01/30 11:45:51]:  §3Official support channels:
[2025/01/30 11:45:51]:   §bDiscord group: §fwww.nickuc.com/discord
[2025/01/30 11:45:51]:   §bDocumentation: §fdocs.nickuc.com/nlogin/
[2025/01/30 11:45:51]:   §bEmail: §fsupport@nickuc.com
[2025/01/30 11:45:51]:   §bYouTube: §fyoutube.com/nickuc
[2025/01/30 11:45:51]: 
[2025/01/30 11:45:51]:  §eTo remove this warning, log in with "nlogin.admin" permission on the server
[2025/01/30 11:45:51]:  §eand click the "Setup plugin" button to configure your plugin.
[2025/01/30 11:45:51]: 
[2025/01/30 11:45:53]: §3[nLogin] [DEBUG] [SQLite] [UPDATE]: "UPDATE `nlogin` SET `last_name` = 'yukiscratch44', `unique_id` = 52324a8ab387333db752d3077aee73e2,  `mojang_id` = null,  `bedrock_id` = null,  `password` = '$2a$10$r9zP6tg5vRcgEAZ16307Cevd506gyUFGaIcwMKmB8cGgHpV/c/YZK', `last_ip` = '192.168.69.10', `creation_date` = 2025-01-29 09:26:00.785, `last_seen` = 2025-01-30 11:45:53.508, `email` = null, `discord` = null, `settings` = '{"settings":[{"value":"hub","key":"last-server"},{"value":"en","key":"language"}],"version":0}' WHERE `ai` = 1" (applied to [last_ip, last_seen, settings] columns)
[2025/01/30 11:45:53]: [nLogin] The user yukiscratch44 has successfully logged in.
[2025/01/30 12:22:32]: §3[nLogin] [DEBUG] [SQLite] [UPDATE]: "UPDATE `nlogin` SET `last_name` = 'yukiscratch44', `unique_id` = 52324a8ab387333db752d3077aee73e2,  `mojang_id` = null,  `bedrock_id` = null,  `password` = '$2a$10$r9zP6tg5vRcgEAZ16307Cevd506gyUFGaIcwMKmB8cGgHpV/c/YZK', `last_ip` = '192.168.69.10', `creation_date` = 2025-01-29 09:26:00.785, `last_seen` = 2025-01-30 12:22:32.371, `email` = null, `discord` = null, `settings` = '{"settings":[{"value":"hub","key":"last-server"},{"value":"en","key":"language"}],"version":0}' WHERE `ai` = 1" (applied to [last_seen, settings] columns)
[2025/01/30 12:23:02]: §3[nLogin] [DEBUG] [SQLite] [UPDATE]: "INSERT INTO `nlogin` (`last_name`, `unique_id`, `mojang_id`, `bedrock_id`, `password`, `last_ip`, `creation_date`, `last_seen`, `email`, `discord`, `settings`) VALUES ('yukiscratch45', 8658b8e00d3a39aebd1a340e9f4cd6ce, null, null, '$2a$10$qHbfH/AClQbfscOkTIDm3OQjO8EQmeBHuHeqhS9FSKSPebpiWgeza', '192.168.171.139', '2025-01-30 12:23:02.603', '2025-01-30 12:23:02.603', null, null, '{"settings":[{"value":true,"key":"force-invalid-session"}],"version":0}')" (applied to all columns)
[2025/01/30 12:23:02]: [nLogin] The user yukiscratch45 has successfully registered.
[2025/01/30 12:25:34]: §3[nLogin] [DEBUG] [SQLite] [UPDATE]: "UPDATE `nlogin` SET `last_name` = 'yukiscratch45', `unique_id` = 8658b8e00d3a39aebd1a340e9f4cd6ce,  `mojang_id` = null,  `bedrock_id` = null,  `password` = '$2a$10$qHbfH/AClQbfscOkTIDm3OQjO8EQmeBHuHeqhS9FSKSPebpiWgeza', `last_ip` = '192.168.171.139', `creation_date` = 2025-01-30 12:23:02.603, `last_seen` = 2025-01-30 12:25:34.567, `email` = null, `discord` = null, `settings` = '{"settings":[{"value":true,"key":"force-invalid-session"},{"value":"hub","key":"last-server"},{"value":"en","key":"language"}],"version":0}' WHERE `ai` = 2" (applied to [last_seen, settings] columns)
[2025/01/30 12:25:55]: §3[nLogin] [DEBUG] [SQLite] [UPDATE]: "UPDATE `nlogin` SET `last_name` = 'yukiscratch44', `unique_id` = 52324a8ab387333db752d3077aee73e2,  `mojang_id` = null,  `bedrock_id` = null,  `password` = '$2a$10$r9zP6tg5vRcgEAZ16307Cevd506gyUFGaIcwMKmB8cGgHpV/c/YZK', `last_ip` = '192.168.69.10', `creation_date` = 2025-01-29 09:26:00.785, `last_seen` = 2025-01-30 12:25:55.473, `email` = null, `discord` = null, `settings` = '{"settings":[{"value":"hub","key":"last-server"},{"value":"en","key":"language"}],"version":0}' WHERE `ai` = 1" (applied to [last_ip, last_seen, settings] columns)
[2025/01/30 12:25:55]: [nLogin] The user yukiscratch44 has successfully logged in.
[2025/01/30 13:01:23]: §3[nLogin] [DEBUG] [SQLite] [UPDATE]: "UPDATE `nlogin` SET `last_name` = 'yukiscratch44', `unique_id` = 52324a8ab387333db752d3077aee73e2,  `mojang_id` = null,  `bedrock_id` = null,  `password` = '$2a$10$r9zP6tg5vRcgEAZ16307Cevd506gyUFGaIcwMKmB8cGgHpV/c/YZK', `last_ip` = '192.168.69.10', `creation_date` = 2025-01-29 09:26:00.785, `last_seen` = 2025-01-30 13:01:23.371, `email` = null, `discord` = null, `settings` = '{"settings":[{"value":"hub","key":"last-server"},{"value":"en","key":"language"}],"version":0}' WHERE `ai` = 1" (applied to [last_seen, settings] columns)
[2025/01/30 13:06:36]: [nLogin] Successful plugin core shutdown (took 0.00s)
