[2025/01/29 22:34:24]: §9          __             _       
[2025/01/29 22:34:24]: §9  _ __   / /  ___   __ _(_)_ __  
[2025/01/29 22:34:24]: §9 | '_ \ / /  / _ \ / _` | | '_ \ 
[2025/01/29 22:34:24]: §9 | | | / /__| (_) | (_| | | | | |
[2025/01/29 22:34:24]: §9 |_| |_\____/\___/ \__, |_|_| |_|
[2025/01/29 22:34:24]: §9                  |___/            
[2025/01/29 22:34:24]: §9 By: www.nickuc.com - V 10.4.21
[2025/01/29 22:34:24]: §9 
[2025/01/29 22:34:24]: §3[nLogin] [DEBUG] All settings were loaded in 136 ms.
[2025/01/29 22:34:24]: §3[nLogin] [DEBUG] Loading the messages_en.yml message file...
[2025/01/29 22:34:24]: §3[nLogin] [DEBUG] All plugin messages were loaded in 79 ms (languageByClient=false).
[2025/01/29 22:34:24]: §3[nLogin] [DEBUG] All proxy settings were loaded in 5 ms.
[2025/01/29 22:34:24]: §3[nLogin] [DEBUG] Loading database...
[2025/01/29 22:34:24]: §3[nLogin] [DEBUG] Starting logger filter...
[2025/01/29 22:34:25]: [nLogin] Download finished (took 1241ms, hash = 6c77ce3c8214b402522c06127d69415d29b44b8b2229d241799ee27510166343)
[2025/01/29 22:34:29]: 
[2025/01/29 22:34:29]:  §bThank you so much for choosing nLogin! §4<3
[2025/01/29 22:34:29]: 
[2025/01/29 22:34:29]:  §4For your safety, please read the message below:
[2025/01/29 22:34:29]:   §cNever download nLogin from unknown sources.
[2025/01/29 22:34:29]:   §cA modified version may contain malicious software.
[2025/01/29 22:34:29]: 
[2025/01/29 22:34:29]:  §3Trusted sources:
[2025/01/29 22:34:29]:   §bwww.nickuc.com
[2025/01/29 22:34:29]:   §bwww.github.com/nickuc
[2025/01/29 22:34:29]:   §bOpeNLogin installer (from Spigot or GitHub)
[2025/01/29 22:34:29]: 
[2025/01/29 22:34:29]:  §3Official support channels:
[2025/01/29 22:34:29]:   §bDiscord group: §fwww.nickuc.com/discord
[2025/01/29 22:34:29]:   §bDocumentation: §fdocs.nickuc.com/nlogin/
[2025/01/29 22:34:29]:   §bEmail: §fsupport@nickuc.com
[2025/01/29 22:34:29]:   §bYouTube: §fyoutube.com/nickuc
[2025/01/29 22:34:29]: 
[2025/01/29 22:34:29]:  §eTo remove this warning, log in with "nlogin.admin" permission on the server
[2025/01/29 22:34:29]:  §eand click the "Setup plugin" button to configure your plugin.
[2025/01/29 22:34:29]: 
[2025/01/29 22:34:41]: §3[nLogin] [DEBUG] [SQLite] [UPDATE]: "UPDATE `nlogin` SET `last_name` = 'yukiscratch44', `unique_id` = 52324a8ab387333db752d3077aee73e2,  `mojang_id` = null,  `bedrock_id` = null,  `password` = '$2a$10$r9zP6tg5vRcgEAZ16307Cevd506gyUFGaIcwMKmB8cGgHpV/c/YZK', `last_ip` = '192.168.69.10', `creation_date` = 2025-01-29 09:26:00.785, `last_seen` = 2025-01-29 22:34:41.831, `email` = null, `discord` = null, `settings` = '{"settings":[{"value":"hub","key":"last-server"},{"value":"en","key":"language"}],"version":0}' WHERE `ai` = 1" (applied to [last_ip, last_seen, settings] columns)
[2025/01/29 22:34:41]: [nLogin] The user yukiscratch44 has successfully logged in.
[2025/01/29 22:42:11]: §3[nLogin] [DEBUG] [SQLite] [UPDATE]: "UPDATE `nlogin` SET `last_name` = 'yukiscratch44', `unique_id` = 52324a8ab387333db752d3077aee73e2,  `mojang_id` = null,  `bedrock_id` = null,  `password` = '$2a$10$r9zP6tg5vRcgEAZ16307Cevd506gyUFGaIcwMKmB8cGgHpV/c/YZK', `last_ip` = '192.168.69.10', `creation_date` = 2025-01-29 09:26:00.785, `last_seen` = 2025-01-29 22:42:11.4, `email` = null, `discord` = null, `settings` = '{"settings":[{"value":"hub","key":"last-server"},{"value":"en","key":"language"}],"version":0}' WHERE `ai` = 1" (applied to [last_seen, settings] columns)
[2025/01/29 22:42:13]: [nLogin] Update was successfully queued, do not forcibly stop your server. (v10.4.21 8b8428 => v10.4.21 dc69be)
[2025/01/29 22:42:13]: [nLogin] Successful plugin core shutdown (took 0.01s)
