[2025/01/31 09:02:24]: §9          __             _       
[2025/01/31 09:02:24]: §9  _ __   / /  ___   __ _(_)_ __  
[2025/01/31 09:02:24]: §9 | '_ \ / /  / _ \ / _` | | '_ \ 
[2025/01/31 09:02:24]: §9 | | | / /__| (_) | (_| | | | | |
[2025/01/31 09:02:24]: §9 |_| |_\____/\___/ \__, |_|_| |_|
[2025/01/31 09:02:24]: §9                  |___/            
[2025/01/31 09:02:24]: §9 By: www.nickuc.com - V 10.4.21
[2025/01/31 09:02:24]: §9 
[2025/01/31 09:02:24]: §3[nLogin] [DEBUG] All settings were loaded in 313 ms.
[2025/01/31 09:02:24]: §3[nLogin] [DEBUG] Loading the messages_en.yml message file...
[2025/01/31 09:02:24]: §3[nLogin] [DEBUG] All plugin messages were loaded in 82 ms (languageByClient=false).
[2025/01/31 09:02:24]: §3[nLogin] [DEBUG] All proxy settings were loaded in 25 ms.
[2025/01/31 09:02:24]: §3[nLogin] [DEBUG] Loading database...
[2025/01/31 09:02:25]: §3[nLogin] [DEBUG] Starting logger filter...
[2025/01/31 09:02:30]: 
[2025/01/31 09:02:30]:  §bThank you so much for choosing nLogin! §4<3
[2025/01/31 09:02:30]: 
[2025/01/31 09:02:30]:  §4For your safety, please read the message below:
[2025/01/31 09:02:30]:   §cNever download nLogin from unknown sources.
[2025/01/31 09:02:30]:   §cA modified version may contain malicious software.
[2025/01/31 09:02:30]: 
[2025/01/31 09:02:30]:  §3Trusted sources:
[2025/01/31 09:02:30]:   §bwww.nickuc.com
[2025/01/31 09:02:30]:   §bwww.github.com/nickuc
[2025/01/31 09:02:30]:   §bOpeNLogin installer (from Spigot or GitHub)
[2025/01/31 09:02:30]: 
[2025/01/31 09:02:30]:  §3Official support channels:
[2025/01/31 09:02:30]:   §bDiscord group: §fwww.nickuc.com/discord
[2025/01/31 09:02:30]:   §bDocumentation: §fdocs.nickuc.com/nlogin/
[2025/01/31 09:02:30]:   §bEmail: §fsupport@nickuc.com
[2025/01/31 09:02:30]:   §bYouTube: §fyoutube.com/nickuc
[2025/01/31 09:02:30]: 
[2025/01/31 09:02:30]:  §eTo remove this warning, log in with "nlogin.admin" permission on the server
[2025/01/31 09:02:30]:  §eand click the "Setup plugin" button to configure your plugin.
[2025/01/31 09:02:30]: 
[2025/01/31 09:03:25]: §3[nLogin] [DEBUG] [SQLite] [UPDATE]: "UPDATE `nlogin` SET `last_name` = 'yukiscratch44', `unique_id` = 52324a8ab387333db752d3077aee73e2,  `mojang_id` = null,  `bedrock_id` = null,  `password` = '$2a$10$r9zP6tg5vRcgEAZ16307Cevd506gyUFGaIcwMKmB8cGgHpV/c/YZK', `last_ip` = '0:0:0:0:0:0:0:1%0', `creation_date` = 2025-01-29 09:26:00.785, `last_seen` = 2025-01-31 09:03:25.493, `email` = null, `discord` = null, `settings` = '{"settings":[{"value":"hub","key":"last-server"},{"value":"en","key":"language"}],"version":0}' WHERE `ai` = 1" (applied to [last_ip, last_seen, settings] columns)
[2025/01/31 09:03:25]: [nLogin] The user yukiscratch44 has successfully logged in.
[2025/01/31 10:08:39]: §3[nLogin] [DEBUG] [SQLite] [UPDATE]: "UPDATE `nlogin` SET `last_name` = 'yukiscratch44', `unique_id` = 52324a8ab387333db752d3077aee73e2,  `mojang_id` = null,  `bedrock_id` = null,  `password` = '$2a$10$r9zP6tg5vRcgEAZ16307Cevd506gyUFGaIcwMKmB8cGgHpV/c/YZK', `last_ip` = '0:0:0:0:0:0:0:1%0', `creation_date` = 2025-01-29 09:26:00.785, `last_seen` = 2025-01-31 10:08:39.374, `email` = null, `discord` = null, `settings` = '{"settings":[{"value":"hub","key":"last-server"},{"value":"en","key":"language"}],"version":0}' WHERE `ai` = 1" (applied to [last_seen, settings] columns)
[2025/01/31 10:08:46]: [nLogin] Successful plugin core shutdown (took 0.00s)
