[2025/01/30 08:42:17]: §9          __             _       
[2025/01/30 08:42:17]: §9  _ __   / /  ___   __ _(_)_ __  
[2025/01/30 08:42:17]: §9 | '_ \ / /  / _ \ / _` | | '_ \ 
[2025/01/30 08:42:17]: §9 | | | / /__| (_) | (_| | | | | |
[2025/01/30 08:42:17]: §9 |_| |_\____/\___/ \__, |_|_| |_|
[2025/01/30 08:42:17]: §9                  |___/            
[2025/01/30 08:42:17]: §9 By: www.nickuc.com - V 10.4.21
[2025/01/30 08:42:17]: §9 
[2025/01/30 08:42:17]: §3[nLogin] [DEBUG] All settings were loaded in 89 ms.
[2025/01/30 08:42:17]: §3[nLogin] [DEBUG] Loading the messages_en.yml message file...
[2025/01/30 08:42:17]: §3[nLogin] [DEBUG] All plugin messages were loaded in 34 ms (languageByClient=false).
[2025/01/30 08:42:17]: §3[nLogin] [DEBUG] All proxy settings were loaded in 7 ms.
[2025/01/30 08:42:17]: §3[nLogin] [DEBUG] Loading database...
[2025/01/30 08:42:17]: §3[nLogin] [DEBUG] Starting logger filter...
[2025/01/30 08:42:22]: 
[2025/01/30 08:42:22]:  §bThank you so much for choosing nLogin! §4<3
[2025/01/30 08:42:22]: 
[2025/01/30 08:42:22]:  §4For your safety, please read the message below:
[2025/01/30 08:42:22]:   §cNever download nLogin from unknown sources.
[2025/01/30 08:42:22]:   §cA modified version may contain malicious software.
[2025/01/30 08:42:22]: 
[2025/01/30 08:42:22]:  §3Trusted sources:
[2025/01/30 08:42:22]:   §bwww.nickuc.com
[2025/01/30 08:42:22]:   §bwww.github.com/nickuc
[2025/01/30 08:42:22]:   §bOpeNLogin installer (from Spigot or GitHub)
[2025/01/30 08:42:22]: 
[2025/01/30 08:42:22]:  §3Official support channels:
[2025/01/30 08:42:22]:   §bDiscord group: §fwww.nickuc.com/discord
[2025/01/30 08:42:22]:   §bDocumentation: §fdocs.nickuc.com/nlogin/
[2025/01/30 08:42:22]:   §bEmail: §fsupport@nickuc.com
[2025/01/30 08:42:22]:   §bYouTube: §fyoutube.com/nickuc
[2025/01/30 08:42:22]: 
[2025/01/30 08:42:22]:  §eTo remove this warning, log in with "nlogin.admin" permission on the server
[2025/01/30 08:42:22]:  §eand click the "Setup plugin" button to configure your plugin.
[2025/01/30 08:42:22]: 
[2025/01/30 08:43:31]: §3[nLogin] [DEBUG] The yukiscratch44 (192.168.69.10) player entered an incorrect password
[2025/01/30 08:43:31]: §3[nLogin] [DEBUG] [SQLite] [UPDATE]: "UPDATE `nlogin` SET `last_name` = 'yukiscratch44', `unique_id` = 52324a8ab387333db752d3077aee73e2,  `mojang_id` = null,  `bedrock_id` = null,  `password` = '$2a$10$r9zP6tg5vRcgEAZ16307Cevd506gyUFGaIcwMKmB8cGgHpV/c/YZK', `last_ip` = '192.168.95.201', `creation_date` = 2025-01-29 09:26:00.785, `last_seen` = 2025-01-30 08:38:24.146, `email` = null, `discord` = null, `settings` = '{"settings":[{"value":{"block-tries-192.168.69.10":{"expires-on":1738227811225,"value":1}},"key":"temporary"},{"value":"hub","key":"last-server"},{"value":"en","key":"language"}],"version":0}' WHERE `ai` = 1" (applied to [settings] columns)
[2025/01/30 08:43:44]: §3[nLogin] [DEBUG] [SQLite] [UPDATE]: "UPDATE `nlogin` SET `last_name` = 'yukiscratch44', `unique_id` = 52324a8ab387333db752d3077aee73e2,  `mojang_id` = null,  `bedrock_id` = null,  `password` = '$2a$10$r9zP6tg5vRcgEAZ16307Cevd506gyUFGaIcwMKmB8cGgHpV/c/YZK', `last_ip` = '192.168.95.201', `creation_date` = 2025-01-29 09:26:00.785, `last_seen` = 2025-01-30 08:43:44.74, `email` = null, `discord` = null, `settings` = '{"settings":[{"value":{"block-tries-192.168.69.10":{"expires-on":1738227811225,"value":1}},"key":"temporary"},{"value":"hub","key":"last-server"},{"value":"en","key":"language"}],"version":0}' WHERE `ai` = 1" (applied to [last_ip, last_seen, settings] columns)
[2025/01/30 08:43:44]: [nLogin] The user yukiscratch44 has successfully logged in.
[2025/01/30 09:03:01]: [nLogin] Successful plugin core shutdown (took 0.00s)
[2025/01/30 09:03:01]: §3[nLogin] [DEBUG] [SQLite] [UPDATE]: "UPDATE `nlogin` SET `last_name` = 'yukiscratch44', `unique_id` = 52324a8ab387333db752d3077aee73e2,  `mojang_id` = null,  `bedrock_id` = null,  `password` = '$2a$10$r9zP6tg5vRcgEAZ16307Cevd506gyUFGaIcwMKmB8cGgHpV/c/YZK', `last_ip` = '192.168.95.201', `creation_date` = 2025-01-29 09:26:00.785, `last_seen` = 2025-01-30 09:03:01.259, `email` = null, `discord` = null, `settings` = '{"settings":[{"value":{"block-tries-192.168.69.10":{"expires-on":1738227811225,"value":1}},"key":"temporary"},{"value":"hub","key":"last-server"},{"value":"en","key":"language"}],"version":0}' WHERE `ai` = 1" (applied to [last_seen, settings] columns)
