[11:38:55] [Server thread/INFO]: Starting minecraft server version 1.8.8
[11:38:55] [Server thread/INFO]: Loading properties
[11:38:55] [Server thread/INFO]: Default game type: SURVIVAL
[11:38:55] [Server thread/INFO]: This server is running PandaSpigot version git-PandaSpigot-119 (MC: 1.8.8) (Implementing API version 1.8.8-R0.1-SNAPSHOT) (Git: 858ab0f)
[11:38:56] [Server thread/INFO]: Debug logging is disabled
[11:38:56] [Server thread/INFO]: Server Ping Player Sample Count: 12

[11:38:56] [Server thread/INFO]: Spigot Timings: true - Verbose: true - Interval: 5m - Length: 60m
[11:38:56] [Server thread/INFO]: Using 4 threads for Netty based IO
[11:38:56] [Server thread/INFO]: Data value allowed items: 
[11:38:56] [Server thread/INFO]: Generating keypair
[11:38:56] [Server thread/INFO]: Starting Minecraft server on *:25566
[11:38:56] [Server thread/INFO]: Using default channel type
[11:38:56] [Server thread/ERROR]: Ambiguous plugin name `EaglerPluginInstaller' for files `plugins/EaglerPluginInstaller.jar' and `plugins/EaglerPluginInstaller-1.1.5.jar' in `plugins'
[11:38:56] [Server thread/INFO]: Set PluginClassLoader as parallel capable
[11:38:56] [Server thread/INFO]: [[EaglerPluginInstaller]] Loading EaglerPluginInstaller v1.1.4
[11:38:56] [Server thread/INFO]: [FastAsyncWorldEdit] Loading FastAsyncWorldEdit v21.03.26-5ff3a9b-1286-22.3.9
[11:38:56] [Server thread/INFO]: [ViaVersion] Loading ViaVersion v5.0.0
[11:38:56] [Server thread/INFO]: [ViaVersion] ViaVersion 5.0.0 is now loaded. Registering protocol transformers and injecting...
[11:38:56] [Via-Mappingloader-0/INFO]: [ViaVersion] Loading block connection mappings ...
[11:38:57] [Via-Mappingloader-0/INFO]: [ViaVersion] Using FastUtil Long2ObjectOpenHashMap for block connections
[11:38:57] [Server thread/INFO]: [ViaBackwards] Loading translations...
[11:38:57] [Server thread/INFO]: [ViaBackwards] Registering protocols...
[11:38:57] [Server thread/INFO]: [ViaRewind] Registering protocols...
[11:38:57] [Server thread/INFO]: [[EaglerPluginUpdater]] Loading EaglerPluginUpdater v1.1.2
[11:38:57] [Server thread/INFO]: [DecentHolograms] Loading DecentHolograms v2.8.12
[11:38:57] [Server thread/INFO]: [ViaBackwards] Loading ViaBackwards v5.0.0
[11:38:57] [Server thread/INFO]: [ViaRewind] Loading ViaRewind v4.0.0
[11:38:57] [Server thread/INFO]: [ViaRewind-Legacy-Support] Loading ViaRewind-Legacy-Support v1.5.1
[11:38:57] [Server thread/INFO]: [WorldEdit] Loading WorldEdit v6.1.7;dd00bb1
[11:38:57] [Server thread/INFO]: [WorldGuard] Loading WorldGuard v5.7.5
[11:38:57] [Server thread/INFO]: [Citizens] Loading Citizens v2.0.32-SNAPSHOT (build 3188)
[11:38:57] [Server thread/INFO]: [FastAsyncWorldEdit] Enabling FastAsyncWorldEdit v21.03.26-5ff3a9b-1286-22.3.9
[11:38:57] [Server thread/INFO]: (FAWE) Java version: 21.0.6

[11:38:57] [Server thread/INFO]: Vault is used for persistent `/wea` toggles.
[11:38:57] [Server thread/INFO]: [ViaRewind] Enabling ViaRewind v4.0.0
[11:38:57] [Server thread/WARN]: **** SERVER IS RUNNING IN OFFLINE/INSECURE MODE!
[11:38:57] [Server thread/WARN]: The server will make no attempt to authenticate usernames. Beware.
[11:38:57] [Server thread/WARN]: Whilst this makes it possible to use BungeeCord, unless access to your server is properly restricted, it also opens up the ability for hackers to connect with any username they choose.
[11:38:57] [Server thread/WARN]: Please see http://www.spigotmc.org/wiki/firewall-guide/ for further information.
[11:38:57] [Server thread/WARN]: To change this, set "online-mode" to "true" in the server.properties file.
[11:38:57] [Server thread/INFO]: **** Beginning UUID conversion, this may take A LONG time ****
[11:38:57] [Server thread/INFO]: Preparing level "world"
[11:38:57] [Server thread/INFO]: -------- World Settings For [world] --------
[11:38:57] [Server thread/INFO]: Chunks to Grow per Tick: 650
[11:38:57] [Server thread/INFO]: Clear tick list: false
[11:38:57] [Server thread/INFO]: Experience Merge Radius: 3.0
[11:38:57] [Server thread/INFO]: Cactus Growth Modifier: -1%
[11:38:57] [Server thread/INFO]: Cane Growth Modifier: -1%
[11:38:57] [Server thread/INFO]: Melon Growth Modifier: -1%
[11:38:57] [Server thread/INFO]: Mushroom Growth Modifier: -1%
[11:38:57] [Server thread/INFO]: Pumpkin Growth Modifier: -1%
[11:38:57] [Server thread/INFO]: Sapling Growth Modifier: -1%
[11:38:57] [Server thread/INFO]: Wheat Growth Modifier: -1%
[11:38:57] [Server thread/INFO]: NetherWart Growth Modifier: -1%
[11:38:57] [Server thread/INFO]: Entity Activation Range: An 32 / Mo 32 / Mi 16
[11:38:57] [Server thread/INFO]: Mob Spawn Range: 4
[11:38:57] [Server thread/INFO]: Anti X-Ray: true
[11:38:57] [Server thread/INFO]: 	Engine Mode: 1
[11:38:57] [Server thread/INFO]: 	Hidden Blocks: [14, 15, 16, 21, 48, 49, 54, 56, 73, 74, 82, 129, 130]
[11:38:57] [Server thread/INFO]: 	Replace Blocks: [1, 5]
[11:38:57] [Server thread/INFO]: Nerfing mobs spawned from spawners: false
[11:38:57] [Server thread/INFO]: Entity Tracking Range: Pl 48 / An 48 / Mo 48 / Mi 32 / Other 64
[11:38:57] [Server thread/INFO]: Hopper Transfer: 8 Hopper Check: 8 Hopper Amount: 1
[11:38:57] [Server thread/INFO]: Random Lighting Updates: false
[11:38:57] [Server thread/INFO]: Structure Info Saving: true
[11:38:57] [Server thread/INFO]: Sending up to 10 chunks per packet
[11:38:57] [Server thread/INFO]: Max Entity Collisions: 8
[11:38:57] [Server thread/INFO]: Custom Map Seeds:  Village: 10387312 Feature: 14357617
[11:38:57] [Server thread/INFO]: Max TNT Explosions: 100
[11:38:57] [Server thread/INFO]: Tile Max Tick Time: 50ms Entity max Tick Time: 50ms
[11:38:57] [Server thread/INFO]: Item Despawn Rate: 6000
[11:38:57] [Server thread/INFO]: Item Merge Radius: 2.5
[11:38:57] [Server thread/INFO]: Arrow Despawn Rate: 1200
[11:38:57] [Server thread/INFO]: Allow Zombie Pigmen to spawn from portal blocks: false
[11:38:57] [Server thread/INFO]: View Distance: 10
[11:38:57] [Server thread/INFO]: Zombie Aggressive Towards Villager: true
[11:38:57] [Server thread/INFO]: -------- World Settings For [world] --------
[11:38:57] [Server thread/INFO]: Keep spawn chunk loaded: true
[11:38:57] [Server thread/INFO]: WorldServer TickNextTick cap set at 10000
[11:38:57] [Server thread/INFO]: WorldServer TickNextTickList cap always processes redstone: false
[11:38:57] [Server thread/INFO]: World async lighting: false
[11:38:57] [Server thread/INFO]: Remove invalid mob spawner tile entities: true
[11:38:57] [Server thread/INFO]: Squids will spawn between Y: 45.0 and Y: 63.0
[11:38:57] [Server thread/INFO]: Max height for cactus growth 3. Max height for reed growth 3
[11:38:57] [Server thread/INFO]: Living Entity Despawn Ranges:  Soft: 32 Hard: 128
[11:38:57] [Server thread/INFO]: Player blocking damage multiplier set to 0.5
[11:38:57] [Server thread/INFO]: Water over lava flow speed: 5
[11:38:57] [Server thread/INFO]: Fix TNT cannons: false
[11:38:57] [Server thread/INFO]: Allow undead horse types to be leashed: false
[11:38:58] [Server thread/INFO]: -------- World Settings For [world_nether] --------
[11:38:58] [Server thread/INFO]: Chunks to Grow per Tick: 650
[11:38:58] [Server thread/INFO]: Clear tick list: false
[11:38:58] [Server thread/INFO]: Experience Merge Radius: 3.0
[11:38:58] [Server thread/INFO]: Cactus Growth Modifier: -1%
[11:38:58] [Server thread/INFO]: Cane Growth Modifier: -1%
[11:38:58] [Server thread/INFO]: Melon Growth Modifier: -1%
[11:38:58] [Server thread/INFO]: Mushroom Growth Modifier: -1%
[11:38:58] [Server thread/INFO]: Pumpkin Growth Modifier: -1%
[11:38:58] [Server thread/INFO]: Sapling Growth Modifier: -1%
[11:38:58] [Server thread/INFO]: Wheat Growth Modifier: -1%
[11:38:58] [Server thread/INFO]: NetherWart Growth Modifier: -1%
[11:38:58] [Server thread/INFO]: Entity Activation Range: An 32 / Mo 32 / Mi 16
[11:38:58] [Server thread/INFO]: Mob Spawn Range: 4
[11:38:58] [Server thread/INFO]: Anti X-Ray: true
[11:38:58] [Server thread/INFO]: 	Engine Mode: 1
[11:38:58] [Server thread/INFO]: 	Hidden Blocks: [14, 15, 16, 21, 48, 49, 54, 56, 73, 74, 82, 129, 130]
[11:38:58] [Server thread/INFO]: 	Replace Blocks: [1, 5]
[11:38:58] [Server thread/INFO]: Nerfing mobs spawned from spawners: false
[11:38:58] [Server thread/INFO]: Entity Tracking Range: Pl 48 / An 48 / Mo 48 / Mi 32 / Other 64
[11:38:58] [Server thread/INFO]: Hopper Transfer: 8 Hopper Check: 8 Hopper Amount: 1
[11:38:58] [Server thread/INFO]: Random Lighting Updates: false
[11:38:58] [Server thread/INFO]: Structure Info Saving: true
[11:38:58] [Server thread/INFO]: Sending up to 10 chunks per packet
[11:38:58] [Server thread/INFO]: Max Entity Collisions: 8
[11:38:58] [Server thread/INFO]: Custom Map Seeds:  Village: 10387312 Feature: 14357617
[11:38:58] [Server thread/INFO]: Max TNT Explosions: 100
[11:38:58] [Server thread/INFO]: Tile Max Tick Time: 50ms Entity max Tick Time: 50ms
[11:38:58] [Server thread/INFO]: Item Despawn Rate: 6000
[11:38:58] [Server thread/INFO]: Item Merge Radius: 2.5
[11:38:58] [Server thread/INFO]: Arrow Despawn Rate: 1200
[11:38:58] [Server thread/INFO]: Allow Zombie Pigmen to spawn from portal blocks: false
[11:38:58] [Server thread/INFO]: View Distance: 10
[11:38:58] [Server thread/INFO]: Zombie Aggressive Towards Villager: true
[11:38:58] [Server thread/INFO]: -------- World Settings For [world_nether] --------
[11:38:58] [Server thread/INFO]: Keep spawn chunk loaded: true
[11:38:58] [Server thread/INFO]: WorldServer TickNextTick cap set at 10000
[11:38:58] [Server thread/INFO]: WorldServer TickNextTickList cap always processes redstone: false
[11:38:58] [Server thread/INFO]: World async lighting: false
[11:38:58] [Server thread/INFO]: Remove invalid mob spawner tile entities: true
[11:38:58] [Server thread/INFO]: Squids will spawn between Y: 45.0 and Y: 63.0
[11:38:58] [Server thread/INFO]: Max height for cactus growth 3. Max height for reed growth 3
[11:38:58] [Server thread/INFO]: Living Entity Despawn Ranges:  Soft: 32 Hard: 128
[11:38:58] [Server thread/INFO]: Player blocking damage multiplier set to 0.5
[11:38:58] [Server thread/INFO]: Water over lava flow speed: 5
[11:38:58] [Server thread/INFO]: Fix TNT cannons: false
[11:38:58] [Server thread/INFO]: Allow undead horse types to be leashed: false
[11:38:58] [Server thread/INFO]: -------- World Settings For [world_the_end] --------
[11:38:58] [Server thread/INFO]: Chunks to Grow per Tick: 650
[11:38:58] [Server thread/INFO]: Clear tick list: false
[11:38:58] [Server thread/INFO]: Experience Merge Radius: 3.0
[11:38:58] [Server thread/INFO]: Cactus Growth Modifier: -1%
[11:38:58] [Server thread/INFO]: Cane Growth Modifier: -1%
[11:38:58] [Server thread/INFO]: Melon Growth Modifier: -1%
[11:38:58] [Server thread/INFO]: Mushroom Growth Modifier: -1%
[11:38:58] [Server thread/INFO]: Pumpkin Growth Modifier: -1%
[11:38:58] [Server thread/INFO]: Sapling Growth Modifier: -1%
[11:38:58] [Server thread/INFO]: Wheat Growth Modifier: -1%
[11:38:58] [Server thread/INFO]: NetherWart Growth Modifier: -1%
[11:38:58] [Server thread/INFO]: Entity Activation Range: An 32 / Mo 32 / Mi 16
[11:38:58] [Server thread/INFO]: Mob Spawn Range: 4
[11:38:58] [Server thread/INFO]: Anti X-Ray: true
[11:38:58] [Server thread/INFO]: 	Engine Mode: 1
[11:38:58] [Server thread/INFO]: 	Hidden Blocks: [14, 15, 16, 21, 48, 49, 54, 56, 73, 74, 82, 129, 130]
[11:38:58] [Server thread/INFO]: 	Replace Blocks: [1, 5]
[11:38:58] [Server thread/INFO]: Nerfing mobs spawned from spawners: false
[11:38:58] [Server thread/INFO]: Entity Tracking Range: Pl 48 / An 48 / Mo 48 / Mi 32 / Other 64
[11:38:58] [Server thread/INFO]: Hopper Transfer: 8 Hopper Check: 8 Hopper Amount: 1
[11:38:58] [Server thread/INFO]: Random Lighting Updates: false
[11:38:58] [Server thread/INFO]: Structure Info Saving: true
[11:38:58] [Server thread/INFO]: Sending up to 10 chunks per packet
[11:38:58] [Server thread/INFO]: Max Entity Collisions: 8
[11:38:58] [Server thread/INFO]: Custom Map Seeds:  Village: 10387312 Feature: 14357617
[11:38:58] [Server thread/INFO]: Max TNT Explosions: 100
[11:38:58] [Server thread/INFO]: Tile Max Tick Time: 50ms Entity max Tick Time: 50ms
[11:38:58] [Server thread/INFO]: Item Despawn Rate: 6000
[11:38:58] [Server thread/INFO]: Item Merge Radius: 2.5
[11:38:58] [Server thread/INFO]: Arrow Despawn Rate: 1200
[11:38:58] [Server thread/INFO]: Allow Zombie Pigmen to spawn from portal blocks: false
[11:38:58] [Server thread/INFO]: View Distance: 10
[11:38:58] [Server thread/INFO]: Zombie Aggressive Towards Villager: true
[11:38:58] [Server thread/INFO]: -------- World Settings For [world_the_end] --------
[11:38:58] [Server thread/INFO]: Keep spawn chunk loaded: true
[11:38:58] [Server thread/INFO]: WorldServer TickNextTick cap set at 10000
[11:38:58] [Server thread/INFO]: WorldServer TickNextTickList cap always processes redstone: false
[11:38:58] [Server thread/INFO]: World async lighting: false
[11:38:58] [Server thread/INFO]: Remove invalid mob spawner tile entities: true
[11:38:58] [Server thread/INFO]: Squids will spawn between Y: 45.0 and Y: 63.0
[11:38:58] [Server thread/INFO]: Max height for cactus growth 3. Max height for reed growth 3
[11:38:58] [Server thread/INFO]: Living Entity Despawn Ranges:  Soft: 32 Hard: 128
[11:38:58] [Server thread/INFO]: Player blocking damage multiplier set to 0.5
[11:38:58] [Server thread/INFO]: Water over lava flow speed: 5
[11:38:58] [Server thread/INFO]: Fix TNT cannons: false
[11:38:58] [Server thread/INFO]: Allow undead horse types to be leashed: false
[11:38:58] [Server thread/INFO]: Preparing start region for level 0 (Seed: 3784156809594966792)
[11:38:58] [Server thread/INFO]: Preparing start region for level 1 (Seed: 3784156809594966792)
[11:38:59] [Server thread/INFO]: Preparing start region for level 2 (Seed: 3784156809594966792)
[11:38:59] [Server thread/INFO]: [[EaglerPluginInstaller]] Enabling EaglerPluginInstaller v1.1.4
[11:38:59] [Server thread/INFO]: Check 1 passed

[11:38:59] [Server thread/INFO]: Check 3 passed

[11:38:59] [Server thread/INFO]: --------------------------------------------
[11:38:59] [Server thread/INFO]: --------------------------------------------
[11:38:59] [Server thread/INFO]: [EaglerPluginInstaller] EaglerPluginInstaller V1.1.5 is now Enabled! :D
[11:38:59] [Server thread/INFO]: To use PluginInstaller, run the command "/install <pluginname>" ("install <pluginname>" in console) to install a plugin
[11:38:59] [Server thread/INFO]: To get a list of installable plugins, use the command "/plist" or "plist" in console
[11:38:59] [Server thread/INFO]: You can request to add a new plugin to the database by going to https://github.com/darverdevs/PluginInstallerRepo/tree/main
[11:38:59] [Server thread/INFO]: and creating an issue or pull request of the plugin you want to add
[11:38:59] [Server thread/INFO]: --------------------------------------------
[11:38:59] [Server thread/INFO]: --------------------------------------------
[11:38:59] [Server thread/INFO]: [ViaVersion] Enabling ViaVersion v5.0.0
[11:38:59] [Server thread/INFO]: [[EaglerPluginUpdater]] Enabling EaglerPluginUpdater v1.1.2
[11:39:00] [Server thread/INFO]: [[EaglerPluginInstaller]] Disabling EaglerPluginInstaller v1.1.4
[11:39:00] [Server thread/INFO]: --------------------------------------------
[11:39:00] [Server thread/INFO]: --------------------------------------------
[11:39:00] [Server thread/INFO]: [EaglerPluginInstaller] PluginInstaller V1.1.5 is now Disabled! D:
[11:39:00] [Server thread/INFO]: --------------------------------------------
[11:39:00] [Server thread/INFO]: --------------------------------------------
[11:39:00] [Server thread/INFO]: [[EaglerPluginInstaller]] Enabling EaglerPluginInstaller v1.1.4
[11:39:00] [Server thread/INFO]: Check 1 passed

[11:39:00] [Server thread/INFO]: Check 3 passed

[11:39:00] [Server thread/INFO]: --------------------------------------------
[11:39:00] [Server thread/INFO]: --------------------------------------------
[11:39:00] [Server thread/INFO]: [EaglerPluginInstaller] EaglerPluginInstaller V1.1.5 is now Enabled! :D
[11:39:00] [Server thread/INFO]: To use PluginInstaller, run the command "/install <pluginname>" ("install <pluginname>" in console) to install a plugin
[11:39:00] [Server thread/INFO]: To get a list of installable plugins, use the command "/plist" or "plist" in console
[11:39:00] [Server thread/INFO]: You can request to add a new plugin to the database by going to https://github.com/darverdevs/PluginInstallerRepo/tree/main
[11:39:00] [Server thread/INFO]: and creating an issue or pull request of the plugin you want to add
[11:39:00] [Server thread/INFO]: --------------------------------------------
[11:39:00] [Server thread/INFO]: --------------------------------------------
[11:39:00] [Server thread/INFO]: --------------------------------------------
[11:39:00] [Server thread/INFO]: --------------------------------------------
[11:39:00] [Server thread/INFO]: [EaglerPluginUpdater] EaglerPluginUpdater V1.1.2 is now Enabled! :D
[11:39:00] [Server thread/INFO]: You do not need to do anything, this plugin will automatically update your PluginUpdater on startup
[11:39:00] [Server thread/INFO]: --------------------------------------------
[11:39:00] [Server thread/INFO]: --------------------------------------------
[11:39:00] [Server thread/INFO]: [DecentHolograms] Enabling DecentHolograms v2.8.12
[11:39:00] [Server thread/INFO]: [NBTAPI] Found Minecraft: v1_8_R3! Trying to find NMS support
[11:39:00] [Server thread/INFO]: [NBTAPI] NMS support 'MC1_8_R3' loaded!
[11:39:00] [Server thread/INFO]: [NBTAPI] Using the plugin 'DecentHolograms' to create a bStats instance!
[11:39:00] [Server thread/INFO]: [ViaBackwards] Enabling ViaBackwards v5.0.0
[11:39:00] [Server thread/INFO]: [ViaRewind-Legacy-Support] Enabling ViaRewind-Legacy-Support v1.5.1
[11:39:00] [Server thread/INFO]: [WorldEdit] Enabling WorldEdit v6.1.7;dd00bb1
[11:39:00] [Server thread/INFO]: WEPIF: Using the Bukkit Permissions API.
[11:39:00] [Server thread/INFO]: [WorldEdit] Using com.sk89q.worldedit.bukkit.adapter.impl.Spigot_v1_8_R3 as the Bukkit adapter
[11:39:00] [Server thread/WARN]: [WorldEdit] WorldEdit has detected you are using Java 7 (based on detected version 21.0.6).
[11:39:00] [Server thread/WARN]: [WorldEdit] WorldEdit will stop supporting Java less than version 8 in the future, due to Java 7 being EOL since April 2015. Please update your server to Java 8.
[11:39:00] [Server thread/INFO]: [WorldGuard] Enabling WorldGuard v5.7.5
[11:39:00] [Server thread/INFO]: [WorldGuard] (world) TNT ignition is PERMITTED.
[11:39:00] [Server thread/INFO]: [WorldGuard] (world) Lighters are PERMITTED.
[11:39:00] [Server thread/INFO]: [WorldGuard] (world) Lava fire is blocked.
[11:39:00] [Server thread/INFO]: [WorldGuard] (world) Fire spread is UNRESTRICTED.
[11:39:00] [Server thread/INFO]: [WorldGuard] Loaded configuration for world 'world'
[11:39:00] [Server thread/INFO]: [WorldGuard] (world_nether) TNT ignition is PERMITTED.
[11:39:00] [Server thread/INFO]: [WorldGuard] (world_nether) Lighters are PERMITTED.
[11:39:00] [Server thread/INFO]: [WorldGuard] (world_nether) Lava fire is blocked.
[11:39:00] [Server thread/INFO]: [WorldGuard] (world_nether) Fire spread is UNRESTRICTED.
[11:39:00] [Server thread/INFO]: [WorldGuard] Loaded configuration for world 'world_nether'
[11:39:00] [Server thread/INFO]: [WorldGuard] (world_the_end) TNT ignition is PERMITTED.
[11:39:00] [Server thread/INFO]: [WorldGuard] (world_the_end) Lighters are PERMITTED.
[11:39:00] [Server thread/INFO]: [WorldGuard] (world_the_end) Lava fire is blocked.
[11:39:00] [Server thread/INFO]: [WorldGuard] (world_the_end) Fire spread is UNRESTRICTED.
[11:39:00] [Server thread/INFO]: [WorldGuard] Loaded configuration for world 'world_the_end'
[11:39:00] [Server thread/INFO]: [WorldGuard] 1 regions loaded for 'world'
[11:39:00] [Server thread/INFO]: [WorldGuard] 0 regions loaded for 'world_nether'
[11:39:00] [Server thread/INFO]: [WorldGuard] 0 regions loaded for 'world_the_end'
[11:39:00] [Server thread/INFO]: [Citizens] Enabling Citizens v2.0.32-SNAPSHOT (build 3188)
[11:39:00] [Server thread/INFO]: [Citizens] Loading external libraries
[11:39:00] [Server thread/INFO]: Server permissions file permissions.yml is empty, ignoring it
[11:39:00] [Server thread/INFO]: Done (2.955s)! For help, type "help" or "?"
[11:39:00] [Server thread/INFO]: Timings Reset
[11:39:01] [Server thread/INFO]: (FAWE) Detected class org.bukkit.event.block.BlockExplodeEvent
[11:39:01] [Server thread/INFO]: [ViaVersion] ViaVersion detected server version: 1.8.x (47)
[11:39:01] [Server thread/WARN]: [ViaVersion] This version of Minecraft is extremely outdated and support for it has reached its end of life. You will still be able to run Via on this Minecraft version, but we are unlikely to provide any further fixes or help with problems specific to legacy Minecraft versions. Please consider updating to give your players a better experience and to avoid issues that have long been fixed.
[11:39:01] [Server thread/INFO]: (FAWE) Plugin 'WorldGuard' found. Using it now.
[11:39:01] [Server thread/INFO]: [Citizens] Loaded 2 NPCs.
[11:39:01] [Craft Scheduler Thread - 3/INFO]: [ViaVersion] Finished mapping loading, shutting down loader executor!
[11:39:01] [Server thread/WARN]: [ViaVersion] There is a newer plugin version available: 5.2.1, you're on: 5.0.0
[11:46:11] [User Authenticator #1/INFO]: UUID of player yukiscratch44 is 52324a8a-b387-333d-b752-d3077aee73e2
[11:46:11] [Server thread/INFO]: yukiscratch44[/192.168.69.10:41422] logged in with entity id 284 at ([world]-45.5, 69.0, 244.5)
[11:46:26] [Server thread/INFO]: yukiscratch44 issued server command: /install Multiverse
[11:46:36] [Server thread/INFO]: yukiscratch44 lost connection: Disconnected
[11:46:36] [Server thread/INFO]: yukiscratch44 left the game.
[11:57:04] [User Authenticator #2/INFO]: UUID of player yukiscratch44 is 52324a8a-b387-333d-b752-d3077aee73e2
[11:57:04] [Server thread/INFO]: yukiscratch44[/192.168.69.10:34628] logged in with entity id 3157 at ([world]-45.5, 69.0, 244.5)
[11:57:14] [Server thread/INFO]: yukiscratch44 issued server command: /hub
[11:57:16] [Server thread/INFO]: yukiscratch44 lost connection: Disconnected
[11:57:16] [Server thread/INFO]: yukiscratch44 left the game.
[11:59:30] [User Authenticator #3/INFO]: UUID of player yukiscratch44 is 52324a8a-b387-333d-b752-d3077aee73e2
[11:59:31] [Server thread/INFO]: yukiscratch44[/192.168.69.10:56748] logged in with entity id 4631 at ([world]-45.13616873739139, 69.0, 247.67178885210183)
[11:59:40] [Server thread/INFO]: yukiscratch44 lost connection: Disconnected
[11:59:40] [Server thread/INFO]: yukiscratch44 left the game.
[13:06:36] [Thread-1/INFO]: Stopping server
